[INFO] [2017-05-22 16:41:04][org.springframework.test.context.web.WebTestContextBootstrapper]Loaded default TestExecutionListener class names from location [META-INF/spring.factories]: [org.springframework.test.context.web.ServletTestExecutionListener, org.springframework.test.context.support.DependencyInjectionTestExecutionListener, org.springframework.test.context.support.DirtiesContextTestExecutionListener, org.springframework.test.context.transaction.TransactionalTestExecutionListener, org.springframework.test.context.jdbc.SqlScriptsTestExecutionListener]
  [INFO] [2017-05-22 16:41:04][org.springframework.test.context.web.WebTestContextBootstrapper]Using TestExecutionListeners: [org.springframework.test.context.web.ServletTestExecutionListener@457e2f02, org.springframework.test.context.support.DependencyInjectionTestExecutionListener@5c7fa833, org.springframework.test.context.support.DirtiesContextTestExecutionListener@39aeed2f, org.springframework.test.context.transaction.TransactionalTestExecutionListener@724af044, org.springframework.test.context.jdbc.SqlScriptsTestExecutionListener@4678c730]
  [INFO] [2017-05-22 16:41:04][org.springframework.beans.factory.xml.XmlBeanDefinitionReader]Loading XML bean definitions from file [D:\eclipse\eclipse\ssm\target\classes\mybatis\SqlMapConfig.xml]
  [INFO] [2017-05-22 16:41:06][org.springframework.beans.factory.xml.XmlBeanDefinitionReader]Loading XML bean definitions from file [D:\eclipse\eclipse\ssm\target\classes\spring\applicationContext-dao.xml]
  [INFO] [2017-05-22 16:41:06][org.springframework.beans.factory.xml.XmlBeanDefinitionReader]Loading XML bean definitions from file [D:\eclipse\eclipse\ssm\target\classes\spring\applicationContext-service.xml]
  [INFO] [2017-05-22 16:41:06][org.springframework.beans.factory.xml.XmlBeanDefinitionReader]Loading XML bean definitions from file [D:\eclipse\eclipse\ssm\target\classes\spring\applicationContext-trans.xml]
  [INFO] [2017-05-22 16:41:06][org.springframework.beans.factory.xml.XmlBeanDefinitionReader]Loading XML bean definitions from file [D:\eclipse\eclipse\ssm\target\classes\spring\springmvc.xml]
  [INFO] [2017-05-22 16:41:06][org.springframework.web.context.support.GenericWebApplicationContext]Refreshing org.springframework.web.context.support.GenericWebApplicationContext@13805618: startup date [Mon May 22 16:41:06 CST 2017]; root of context hierarchy
  [INFO] [2017-05-22 16:41:06][org.springframework.context.support.PropertySourcesPlaceholderConfigurer]Loading properties file from file [D:\eclipse\eclipse\ssm\target\classes\properties\db.properties]
  [INFO] [2017-05-22 16:41:06][org.springframework.beans.factory.annotation.AutowiredAnnotationBeanPostProcessor]JSR-330 'javax.inject.Inject' annotation found and supported for autowiring
  [INFO] [2017-05-22 16:41:07][org.springframework.web.servlet.mvc.method.annotation.RequestMappingHandlerMapping]Mapped "{[/user/{id}],methods=[],params=[],headers=[],consumes=[],produces=[],custom=[]}" onto public com.chen.pojo.User com.chen.controller.UserController.getUserById(int)
  [INFO] [2017-05-22 16:41:07][org.springframework.web.servlet.mvc.method.annotation.RequestMappingHandlerAdapter]Looking for @ControllerAdvice: org.springframework.web.context.support.GenericWebApplicationContext@13805618: startup date [Mon May 22 16:41:06 CST 2017]; root of context hierarchy
  [INFO] [2017-05-22 16:41:07][org.springframework.web.servlet.mvc.method.annotation.RequestMappingHandlerAdapter]Looking for @ControllerAdvice: org.springframework.web.context.support.GenericWebApplicationContext@13805618: startup date [Mon May 22 16:41:06 CST 2017]; root of context hierarchy
  [INFO] [2017-05-22 16:41:07][org.springframework.mock.web.MockServletContext]Initializing Spring FrameworkServlet ''
  [INFO] [2017-05-22 16:41:07][org.springframework.test.web.servlet.TestDispatcherServlet]FrameworkServlet '': initialization started
  [INFO] [2017-05-22 16:41:07][org.springframework.test.web.servlet.TestDispatcherServlet]FrameworkServlet '': initialization completed in 17 ms
  [INFO] [2017-05-22 16:41:07][com.alibaba.druid.pool.DruidDataSource]{dataSource-1} inited
  [INFO] [2017-05-22 16:41:08][org.springframework.web.context.support.GenericWebApplicationContext]Closing org.springframework.web.context.support.GenericWebApplicationContext@13805618: startup date [Mon May 22 16:41:06 CST 2017]; root of context hierarchy
  [INFO] [2017-05-22 16:41:08][com.alibaba.druid.pool.DruidDataSource]{dataSource-1} closed
  [INFO] [2017-05-31 10:51:04][org.springframework.web.context.ContextLoader]Root WebApplicationContext: initialization started
  [INFO] [2017-05-31 10:51:04][org.springframework.web.context.support.XmlWebApplicationContext]Refreshing Root WebApplicationContext: startup date [Wed May 31 10:51:04 CST 2017]; root of context hierarchy
  [INFO] [2017-05-31 10:51:04][org.springframework.beans.factory.xml.XmlBeanDefinitionReader]Loading XML bean definitions from file [C:\Users\cvter\IdeaProjects\ssm-master\ssm-master\target\classes\spring\applicationContext-dao.xml]
  [INFO] [2017-05-31 10:51:04][org.springframework.beans.factory.xml.XmlBeanDefinitionReader]Loading XML bean definitions from file [C:\Users\cvter\IdeaProjects\ssm-master\ssm-master\target\classes\spring\applicationContext-service.xml]
  [INFO] [2017-05-31 10:51:04][org.springframework.beans.factory.xml.XmlBeanDefinitionReader]Loading XML bean definitions from file [C:\Users\cvter\IdeaProjects\ssm-master\ssm-master\target\classes\spring\applicationContext-trans.xml]
  [INFO] [2017-05-31 10:51:04][org.springframework.context.support.PropertySourcesPlaceholderConfigurer]Loading properties file from file [C:\Users\cvter\IdeaProjects\ssm-master\ssm-master\target\classes\properties\db.properties]
  [INFO] [2017-05-31 10:51:04][org.springframework.beans.factory.annotation.AutowiredAnnotationBeanPostProcessor]JSR-330 'javax.inject.Inject' annotation found and supported for autowiring
  [INFO] [2017-05-31 10:51:05][org.springframework.web.context.ContextLoader]Root WebApplicationContext: initialization completed in 904 ms
  [INFO] [2017-05-31 10:51:05][org.springframework.web.servlet.DispatcherServlet]FrameworkServlet 'taotao-manager': initialization started
  [INFO] [2017-05-31 10:51:05][org.springframework.web.context.support.XmlWebApplicationContext]Refreshing WebApplicationContext for namespace 'taotao-manager-servlet': startup date [Wed May 31 10:51:05 CST 2017]; parent: Root WebApplicationContext
  [INFO] [2017-05-31 10:51:05][org.springframework.beans.factory.xml.XmlBeanDefinitionReader]Loading XML bean definitions from class path resource [spring/springmvc.xml]
  [INFO] [2017-05-31 10:51:05][org.springframework.beans.factory.annotation.AutowiredAnnotationBeanPostProcessor]JSR-330 'javax.inject.Inject' annotation found and supported for autowiring
  [INFO] [2017-05-31 10:51:05][org.springframework.web.servlet.mvc.method.annotation.RequestMappingHandlerMapping]Mapped "{[/user/{id}],methods=[],params=[],headers=[],consumes=[],produces=[],custom=[]}" onto public com.chen.pojo.User com.chen.controller.UserController.getUserById(int)
  [INFO] [2017-05-31 10:51:05][org.springframework.web.servlet.mvc.method.annotation.RequestMappingHandlerAdapter]Looking for @ControllerAdvice: WebApplicationContext for namespace 'taotao-manager-servlet': startup date [Wed May 31 10:51:05 CST 2017]; parent: Root WebApplicationContext
  [INFO] [2017-05-31 10:51:05][org.springframework.web.servlet.mvc.method.annotation.RequestMappingHandlerAdapter]Looking for @ControllerAdvice: WebApplicationContext for namespace 'taotao-manager-servlet': startup date [Wed May 31 10:51:05 CST 2017]; parent: Root WebApplicationContext
  [INFO] [2017-05-31 10:51:05][org.springframework.web.servlet.DispatcherServlet]FrameworkServlet 'taotao-manager': initialization completed in 453 ms
  [WARN] [2017-05-31 10:51:16][org.springframework.web.servlet.PageNotFound]No mapping found for HTTP request with URI [/favicon.ico] in DispatcherServlet with name 'taotao-manager'
  [INFO] [2017-05-31 10:54:59][org.springframework.web.context.ContextLoader]Root WebApplicationContext: initialization started
  [INFO] [2017-05-31 10:54:59][org.springframework.web.context.support.XmlWebApplicationContext]Refreshing Root WebApplicationContext: startup date [Wed May 31 10:54:59 CST 2017]; root of context hierarchy
  [INFO] [2017-05-31 10:55:00][org.springframework.beans.factory.xml.XmlBeanDefinitionReader]Loading XML bean definitions from file [C:\Users\cvter\IdeaProjects\HelloWorld\target\classes\spring\applicationContext-dao.xml]
  [INFO] [2017-05-31 10:55:00][org.springframework.beans.factory.xml.XmlBeanDefinitionReader]Loading XML bean definitions from file [C:\Users\cvter\IdeaProjects\HelloWorld\target\classes\spring\applicationContext-service.xml]
  [INFO] [2017-05-31 10:55:00][org.springframework.beans.factory.xml.XmlBeanDefinitionReader]Loading XML bean definitions from file [C:\Users\cvter\IdeaProjects\HelloWorld\target\classes\spring\applicationContext-trans.xml]
  [INFO] [2017-05-31 10:55:00][org.springframework.context.support.PropertySourcesPlaceholderConfigurer]Loading properties file from file [C:\Users\cvter\IdeaProjects\HelloWorld\target\classes\properties\db.properties]
  [INFO] [2017-05-31 10:55:00][org.springframework.beans.factory.annotation.AutowiredAnnotationBeanPostProcessor]JSR-330 'javax.inject.Inject' annotation found and supported for autowiring
  [INFO] [2017-05-31 10:55:01][org.springframework.web.context.ContextLoader]Root WebApplicationContext: initialization completed in 1165 ms
  [INFO] [2017-05-31 10:55:01][org.springframework.web.servlet.DispatcherServlet]FrameworkServlet 'taotao-manager': initialization started
  [INFO] [2017-05-31 10:55:01][org.springframework.web.context.support.XmlWebApplicationContext]Refreshing WebApplicationContext for namespace 'taotao-manager-servlet': startup date [Wed May 31 10:55:01 CST 2017]; parent: Root WebApplicationContext
  [INFO] [2017-05-31 10:55:01][org.springframework.beans.factory.xml.XmlBeanDefinitionReader]Loading XML bean definitions from class path resource [spring/springmvc.xml]
  [INFO] [2017-05-31 10:55:01][org.springframework.beans.factory.annotation.AutowiredAnnotationBeanPostProcessor]JSR-330 'javax.inject.Inject' annotation found and supported for autowiring
  [INFO] [2017-05-31 10:55:01][org.springframework.web.servlet.mvc.method.annotation.RequestMappingHandlerMapping]Mapped "{[/user/{id}],methods=[],params=[],headers=[],consumes=[],produces=[],custom=[]}" onto public com.chen.pojo.User com.chen.controller.UserController.getUserById(int)
  [INFO] [2017-05-31 10:55:01][org.springframework.web.servlet.mvc.method.annotation.RequestMappingHandlerAdapter]Looking for @ControllerAdvice: WebApplicationContext for namespace 'taotao-manager-servlet': startup date [Wed May 31 10:55:01 CST 2017]; parent: Root WebApplicationContext
  [INFO] [2017-05-31 10:55:01][org.springframework.web.servlet.mvc.method.annotation.RequestMappingHandlerAdapter]Looking for @ControllerAdvice: WebApplicationContext for namespace 'taotao-manager-servlet': startup date [Wed May 31 10:55:01 CST 2017]; parent: Root WebApplicationContext
  [INFO] [2017-05-31 10:55:01][org.springframework.web.servlet.DispatcherServlet]FrameworkServlet 'taotao-manager': initialization completed in 582 ms
  